C51 COMPILER V9.00   TOUCH                                                                 04/10/2022 16:57:39 PAGE 1   


C51 COMPILER V9.00, COMPILATION OF MODULE TOUCH
OBJECT MODULE PLACED IN .\obj\touch.obj
COMPILER INVOKED BY: C:\Keil_v5\C51\BIN\C51.EXE touch\touch.c LARGE OPTIMIZE(8,SPEED) BROWSE INCDIR(.\font;.\LCD;.\sys;.
                    -\touch;.\GUI;.\USER) DEBUG OBJECTEXTEND PRINT(.\touch.lst) TABS(2) OBJECT(.\obj\touch.obj)

line level    source

   1          //////////////////////////////////////////////////////////////////////////////////   
   2          //ֻѧϰʹãδɣκ;
   3          //ӲƬSTC89C52RC,30M  Ƭѹ3.3V
   4          //TFTҺ for C51
   5          //Ավhttp://jczn.taobao.com
   6          //All rights reserved
   7          //********************************************************************************
   8          //=========================================Դ================================================//
   9          //5VDC 5VԴ
  10          //GNDӵ
  11          //=======================================Һ߽==========================================//
  12          //ģĬΪSPI
  13          //Һģ            Ƭ
  14          // SDI(MOSI)            P15        //SPIдź
  15          // SDO(MISO)            P16        //SPIźţҪܣ˹ܽſɲ
  16          //=======================================Һ߽==========================================//
  17          //Һģ            Ƭ
  18          //  CS                  P13       //Ƭѡź
  19          //  RESET               P33       //λź
  20          //  DC                  P12       ///ѡź
  21          //  SCK                 P17       //SPIʱź
  22          //  LED                 P32       //źţʹSTC89C52RCƬ߲Ҫƣ3.3V
  23          //==================================================================================//
  24          //STC89C52RCƬROM̫С޷дܵĳԴҪ
  25          //ʹôģ鱾ɲ
  26          //ʹõΪSPI
  27          //ģ            Ƭ
  28          //  T_CLK               P36       //SPIʱź
  29          //  T_CS                P37       //Ƭѡź
  30          //  T_DIN               P34       //SPIдź
  31          //  T_DO                P35       //SPIź
  32          //  T_IRQ               P40       //Ӧźţ絥ƬP4飬иIO޸Ĵ붨
             -
  33          //**************************************************************************************************/ 
  34          #include "sys.h"
  35          #include "touch.h"
  36          #include "lcd.h"
  37          #include "gui.h"
  38          
  39          //***βͬԭĬϵУ׼ֵܻʶ׼У׼ʹãʹù̶Ĭ
             -У׼
  40          u16 vx=15621,vy=11221;  //ӣֵ1000֮ʾٸADֵһص 
  41          u16 chx=3890,chy=340;//ĬصΪ0ʱADʼֵ 
  42          //***βͬԭĬϵУ׼ֵܻʶ׼У׼ʹãʹù̶Ĭ
             -У׼
  43          
  44          struct tp_pix_  tp_pixad,tp_pixlcd;  //ǰADֵ,ǰֵ   
  45          
  46          //شµ״̬
  47          u8 tpstate(void)
  48          {
  49   1        return  Penirq;
  50   1      }
  51          
C51 COMPILER V9.00   TOUCH                                                                 04/10/2022 16:57:39 PAGE 2   

  52          //SPIʼ
  53          void spistar(void)                                     
  54          {
  55   1        TCS=1;
  56   1        DCLK=1;
  57   1        DIN=1;
  58   1        DCLK=1;
  59   1      }
  60          //SPIд
  61          void WriteCharTo7843(unsigned char num)          
  62          {
  63   1        unsigned char count=0;
  64   1        DCLK=0;
  65   1        for(count=0;count<8;count++)
  66   1        {
  67   2          num<<=1;
  68   2          DIN=CY;
  69   2          DCLK=0; _nop_();_nop_();_nop_();                //Ч
  70   2          DCLK=1; _nop_();_nop_();_nop_();
  71   2        }
  72   1      }
  73          
  74          //SPI 
  75          u16 ReadFromCharFrom7843()             
  76          {
  77   1        u8 count=0;
  78   1        u16 Num=0;
  79   1        for(count=0;count<12;count++)
  80   1        {
  81   2          Num<<=1;    
  82   2          DCLK=1; _nop_();_nop_();_nop_();   //½Ч
  83   2          DCLK=0; _nop_();_nop_();_nop_();
  84   2          if(DOUT)
  85   2          {
  86   3            Num|=1;
  87   3          }
  88   2          
  89   2        }
  90   1      
  91   1      return(Num);
  92   1      } 
  93          //7846/7843/XPT2046/UH7843/UH7846ȡadcֵ    
  94          //0x90=y   0xd0-x
  95          u16 ADS_Read_AD(unsigned char CMD)          
  96          {
  97   1        u16 l;
  98   1        TCS=0;
  99   1        WriteCharTo7843(CMD);        //ͿּòַʽX ϸй
 100   1        DCLK=1; _nop_();_nop_();_nop_();_nop_();
 101   1        DCLK=0; _nop_();_nop_();_nop_();_nop_();
 102   1        l=ReadFromCharFrom7843();
 103   1        TCS=1;
 104   1        return l;
 105   1      }      
 106          //ȡһֵ
 107          //ȡREAD_TIMES,Щ,
 108          //ȻȥͺLOST_VAL,ȡƽֵ 
 109          #define READ_TIMES 15 //ȡ
 110          #define LOST_VAL 5    //ֵ
 111          u16 ADS_Read_XY(u8 xy)
 112          {
 113   1        u16 i, j;
C51 COMPILER V9.00   TOUCH                                                                 04/10/2022 16:57:39 PAGE 3   

 114   1        u16 buf[READ_TIMES];
 115   1        u16 sum=0;
 116   1        u16 temp;
 117   1        for(i=0;i<READ_TIMES;i++)
 118   1        {        
 119   2          buf[i]=ADS_Read_AD(xy);     
 120   2        }           
 121   1        for(i=0;i<READ_TIMES-1; i++)//
 122   1        {
 123   2          for(j=i+1;j<READ_TIMES;j++)
 124   2          {
 125   3            if(buf[i]>buf[j])//
 126   3            {
 127   4              temp=buf[i];
 128   4              buf[i]=buf[j];
 129   4              buf[j]=temp;
 130   4            }
 131   3          }
 132   2        }   
 133   1        sum=0;
 134   1        for(i=LOST_VAL;i<READ_TIMES-LOST_VAL;i++)sum+=buf[i];
 135   1        temp=sum/(READ_TIMES-2*LOST_VAL);
 136   1        return temp;   
 137   1      } 
 138          //˲ȡ
 139          //Сֵ100.
 140          u8 Read_ADS(u16 *x,u16 *y)
 141          {
 142   1        u16 xtemp,ytemp;              
 143   1        xtemp=ADS_Read_XY(CMD_RDX);
 144   1        ytemp=ADS_Read_XY(CMD_RDY);                      
 145   1        if(xtemp<100||ytemp<100)return 0;//ʧ
 146   1        *x=xtemp;
 147   1        *y=ytemp;
 148   1        return 1;//ɹ
 149   1      }
 150          //2ζȡADS7846,ȡ2ЧADֵ,εƫܳ
 151          //50,,Ϊȷ,.     
 152          //úܴ׼ȷ
 153          #define ERR_RANGE 20 //Χ 
 154          u8 Read_ADS2(u16 *x,u16 *y) 
 155          {
 156   1        u16 x1,y1;
 157   1        u16 x2,y2;
 158   1        u8 flag;    
 159   1          flag=Read_ADS(&x1,&y1);   
 160   1          if(flag==0)return(0);
 161   1          flag=Read_ADS(&x2,&y2); 
 162   1          if(flag==0)return(0);   
 163   1          if(((x2<=x1&&x1<x2+ERR_RANGE)||(x1<=x2&&x2<x1+ERR_RANGE))//ǰβ+-ERR_RANGE
 164   1          &&((y2<=y1&&y1<y2+ERR_RANGE)||(y1<=y2&&y2<y1+ERR_RANGE)))
 165   1          {
 166   2              *x=(x1+x2)>>1;
 167   2              *y=(y1+y2)>>1;    
 168   2              return 1;
 169   2          }else return 0;   
 170   1      } 
 171          //ȷȡһ,У׼ʱõ    
 172          u8 Read_TP_Once(void)
 173          {
 174   1        u8 re=0;
 175   1        u16 x1,y1;
C51 COMPILER V9.00   TOUCH                                                                 04/10/2022 16:57:39 PAGE 4   

 176   1        while(re==0)
 177   1        {
 178   2          while(!Read_ADS2(&tp_pixad.x,&tp_pixad.y));
 179   2          delay_ms(10);
 180   2          while(!Read_ADS2(&x1,&y1));
 181   2          if(tp_pixad.x==x1&&tp_pixad.y==y1)
 182   2          {
 183   3            re=1; 
 184   3          }
 185   2        } 
 186   1        return re;
 187   1      }
 188          //һУ׼õĸ
 189          void Drow_Touch_Point(u16 x,u16 y)
 190          {
 191   1        POINT_COLOR=RED;
 192   1        LCD_DrawLine(x-12,y,x+13,y);//
 193   1        LCD_DrawLine(x,y-12,x,y+13);//
 194   1        LCD_DrawPoint(x+1,y+1);
 195   1        LCD_DrawPoint(x-1,y+1);
 196   1        LCD_DrawPoint(x+1,y-1);
 197   1        LCD_DrawPoint(x-1,y-1);
 198   1        gui_circle(x,y,POINT_COLOR,6,0);//Ȧ
 199   1      }   
 200          //һ(2*2ĵ)      
 201          //x,y:
 202          //color:ɫ
 203          void TP_Draw_Big_Point(u16 x,u16 y,u16 color)
 204          {    
 205   1        POINT_COLOR=color;
 206   1        
 207   1        LCD_DrawPoint(x,y);//ĵ 
 208   1        LCD_DrawPoint(x+1,y);
 209   1        LCD_DrawPoint(x,y+1);
 210   1        LCD_DrawPoint(x+1,y+1);       
 211   1      }   
 212          //ת
 213          //ݴУ׼תĽ,tp_pixlcd.x,tp_pixlcd.y
 214          u8 Convert_Pos(void)
 215          { 
 216   1        #if USE_HORIZONTAL==1 || USE_HORIZONTAL==3
                u16 temp; 
                #endif   
 219   1        u8 l=0;
 220   1        
 221   1        if(Read_ADS2(&tp_pixad.x,&tp_pixad.y))
 222   1        {
 223   2          l=1;
 224   2          tp_pixlcd.x=tp_pixad.x>chx?((u32)tp_pixad.x-(u32)chx)*1000/vx:((u32)chx-(u32)tp_pixad.x)*1000/vx;
 225   2          tp_pixlcd.y=tp_pixad.y>chy?((u32)tp_pixad.y-(u32)chy)*1000/vy:((u32)chy-(u32)tp_pixad.y)*1000/vy;
 226   2        }
 227   1        #if USE_HORIZONTAL==3
              //  tp_pixlcd.y=lcddev.height-tp_pixlcd.y; 
                temp=tp_pixlcd.x;
                tp_pixlcd.x=tp_pixlcd.y;
                tp_pixlcd.y=temp;
                //tp_pixlcd.x=lcddev.width-tp_pixlcd.x;//X꾵
              //  tp_pixlcd.y=lcddev.height-tp_pixlcd.y; 
              //  #else
                //tp_pixlcd.x=lcddev.width-tp_pixlcd.x;//X꾵
                tp_pixlcd.y=lcddev.height-1-tp_pixlcd.y; //Y꾵 
                #elif USE_HORIZONTAL==0
C51 COMPILER V9.00   TOUCH                                                                 04/10/2022 16:57:39 PAGE 5   

 238   1        tp_pixlcd.x=lcddev.width-1-tp_pixlcd.x;
 239   1        tp_pixlcd.y=lcddev.height-1-tp_pixlcd.y;
 240   1        #elif USE_HORIZONTAL==1
                temp=tp_pixlcd.x;
                tp_pixlcd.x=tp_pixlcd.y;
                tp_pixlcd.y=temp;
                tp_pixlcd.x=lcddev.width-1-tp_pixlcd.x;
                #endif 
 246   1        return l;
 247   1      }     
 248          //У׼
 249          //õĸУ׼
 250          #define tp_pianyi 50   //У׼ƫ 
 251          #define tp_xiaozhun 1000   //У׼
 252          void Touch_Adjust(void)
 253          { 
 254   1        float vx1,vx2,vy1,vy2;  //ӣֵ1000֮ʾٸADֵһص
 255   1        u16 chx1,chx2,chy1,chy2;//ĬصΪ0ʱADʼֵ
 256   1        u16 lx,ly;         
 257   1        struct tp_pixu32_ p[4];
 258   1        u8  cnt=0;   
 259   1        cnt=0;        
 260   1        POINT_COLOR=BLUE;
 261   1        BACK_COLOR =WHITE;
 262   1        LCD_Clear(WHITE);//   
 263   1        POINT_COLOR=RED;//ɫ 
 264   1        LCD_Clear(WHITE);// 
 265   1        Drow_Touch_Point(tp_pianyi,tp_pianyi);//1 
 266   1        while(1)
 267   1        {
 268   2          if(Penirq==0)//
 269   2          {
 270   3            if(Read_TP_Once())//õΰֵ
 271   3            {                    
 272   4              p[cnt].x=tp_pixad.x;
 273   4              p[cnt].y=tp_pixad.y;
 274   4              cnt++; 
 275   4            }      
 276   3            switch(cnt)
 277   3            {        
 278   4              case 1:
 279   4                LCD_Clear(WHITE);// 
 280   4                while(!Penirq)  //ȴ
 281   4                {
 282   5                }
 283   4                Drow_Touch_Point(lcddev.width-tp_pianyi-1,tp_pianyi);//2
 284   4                break;
 285   4              case 2:
 286   4                LCD_Clear(WHITE);// 
 287   4                while(!Penirq)  //ȴ
 288   4                {
 289   5                }
 290   4                Drow_Touch_Point(tp_pianyi,lcddev.height-tp_pianyi-1);//3
 291   4                break;
 292   4              case 3:
 293   4                LCD_Clear(WHITE);// 
 294   4                while(!Penirq)  //ȴ
 295   4                {
 296   5                }
 297   4                Drow_Touch_Point(lcddev.width-tp_pianyi-1,lcddev.height-tp_pianyi-1);//4
 298   4                break;
 299   4              case 4:  //ȫĸѾõ
C51 COMPILER V9.00   TOUCH                                                                 04/10/2022 16:57:39 PAGE 6   

 300   4                    LCD_Clear(WHITE);// 
 301   4                  while(!Penirq)  //ȴ
 302   4                {
 303   5                }
 304   4                
 305   4                #if USE_HORIZONTAL==1 || USE_HORIZONTAL==3
                        vx1=p[1].y>p[0].y?(p[1].y-p[0].y+1)*1000/(lcddev.width-tp_pianyi-tp_pianyi):(p[0].y-p[1].y-1)*1000/(l
             -cddev.width-tp_pianyi-tp_pianyi);
                        chx1=p[1].y>p[0].y?p[0].y-(vx1*tp_pianyi)/1000:p[1].y-(vx1*tp_pianyi)/1000;
                          vy1=p[2].x>p[0].x?(p[2].x-p[0].x-1)*1000/(lcddev.height-tp_pianyi-tp_pianyi):(p[0].x-p[2].x-1)*100
             -0/(lcddev.height-tp_pianyi-tp_pianyi);
                        chy1=p[2].x>p[0].x?p[2].x+(vy1*tp_pianyi)/1000:p[0].x+(vy1*tp_pianyi)/1000; 
                        
                        vx2=p[3].y>p[2].y?(p[3].y-p[2].y+1)*1000/(lcddev.width-tp_pianyi-tp_pianyi):(p[2].y-p[3].y-1)*1000/(l
             -cddev.width-tp_pianyi-tp_pianyi);
                        chx2=p[3].y>p[2].y?p[2].y-(vx2*tp_pianyi)/1000:p[3].y-(vx2*tp_pianyi)/1000;
                          vy2=p[3].x>p[1].x?(p[3].x-p[1].x-1)*1000/(lcddev.height-tp_pianyi-tp_pianyi):(p[1].x-p[3].x-1)*100
             -0/(lcddev.height-tp_pianyi-tp_pianyi);
                        chy2=p[3].x>p[1].x?p[3].x+(vy2*tp_pianyi)/1000:p[1].x+(vy2*tp_pianyi)/1000; 
                        #elif USE_HORIZONTAL==0 || USE_HORIZONTAL==2
 316   4                vx1=p[1].x>p[0].x?(p[1].x-p[0].x+1)*1000/(lcddev.width-tp_pianyi-tp_pianyi):(p[0].x-p[1].x-1)*1000/(l
             -cddev.width-tp_pianyi-tp_pianyi);
 317   4                chx1=p[1].x>p[0].x?p[1].x+(vx1*tp_pianyi)/1000:p[0].x+(vx1*tp_pianyi)/1000;
 318   4                  vy1=p[2].y>p[0].y?(p[2].y-p[0].y-1)*1000/(lcddev.height-tp_pianyi-tp_pianyi):(p[0].y-p[2].y-1)*100
             -0/(lcddev.height-tp_pianyi-tp_pianyi);
 319   4                chy1=p[2].y>p[0].y?p[0].y-(vy1*tp_pianyi)/1000:p[2].y-(vy1*tp_pianyi)/1000; 
 320   4                
 321   4                vx2=p[3].x>p[2].x?(p[3].x-p[2].x+1)*1000/(lcddev.width-tp_pianyi-tp_pianyi):(p[2].x-p[3].x-1)*1000/(l
             -cddev.width-tp_pianyi-tp_pianyi);
 322   4                chx2=p[3].x>p[2].x?p[3].x+(vx2*tp_pianyi)/1000:p[2].x+(vx2*tp_pianyi)/1000;
 323   4                  vy2=p[3].y>p[1].y?(p[3].y-p[1].y-1)*1000/(lcddev.height-tp_pianyi-tp_pianyi):(p[1].y-p[3].y-1)*100
             -0/(lcddev.height-tp_pianyi-tp_pianyi);
 324   4                chy2=p[3].y>p[1].y?p[1].y-(vy2*tp_pianyi)/1000:p[3].y-(vy2*tp_pianyi)/1000; 
 325   4                
 326   4                #endif
 327   4      
 328   4                if((vx1>vx2&&vx1>vx2+tp_xiaozhun)||(vx1<vx2&&vx1<vx2-tp_xiaozhun)||(vy1>vy2&&vy1>vy2+tp_xiaozhun)||(v
             -y1<vy2&&vy1<vy2-tp_xiaozhun))
 329   4                {
 330   5                  cnt=0;
 331   5                  LCD_Clear(WHITE);// 
 332   5                  Drow_Touch_Point(tp_pianyi,tp_pianyi);//1 
 333   5                  continue;
 334   5                }
 335   4                #if USE_HORIZONTAL==1 || USE_HORIZONTAL==3
                        vx=(vy1+vy2)/2;vy=(vx1+vx2)/2;
                        chx=(chy1+chy2)/2;chy=(chx1+chx2)/2;  
                        #elif USE_HORIZONTAL==0 || USE_HORIZONTAL==2
 339   4                vx=(vx1+vx2)/2;vy=(vy1+vy2)/2;
 340   4                chx=(chx1+chx2)/2;chy=(chy1+chy2)/2;  
 341   4                #endif
 342   4                //ʾУ׼Ϣ
 343   4                LCD_Clear(WHITE);// 
 344   4                POINT_COLOR=BLACK;
 345   4                BACK_COLOR=BLUE;  
 346   4                lx=50;ly=50;      
 347   4                LCD_ShowString(lx,ly,16,"VX:",1);lx+=40;LCD_ShowNum(lx,ly,vx,6,16);         
 348   4                lx=50;ly+=20;
 349   4                LCD_ShowString(lx,ly,16,"Vy:",1);lx+=40;LCD_ShowNum(lx,ly,vy,6,16);         
 350   4                lx=50;ly+=20; 
 351   4                LCD_ShowString(lx,ly,16,"CHX:",1);lx+=40;LCD_ShowNum(lx,ly,chx,6,16);         
 352   4                  lx=50;ly+=20; 
C51 COMPILER V9.00   TOUCH                                                                 04/10/2022 16:57:39 PAGE 7   

 353   4                LCD_ShowString(lx,ly,16,"CHY:",1);lx+=40;LCD_ShowNum(lx,ly,chy,6,16);
 354   4      
 355   4                lx=30;ly+=30;
 356   4                LCD_ShowString(lx,ly,16,"Adjust OK!",1);  
 357   4                lx=30;ly+=30;
 358   4                LCD_ShowString(lx,ly,16,"Touch Anywhere To Continue",1);                      
 359   4                Read_TP_Once(); //ȴ
 360   4      
 361   4                LCD_Clear(WHITE);//
 362   4                return;//У        
 363   4            }
 364   3          }
 365   2        } 
 366   1      }
 367                  


MODULE INFORMATION:   STATIC OVERLAYABLE
   CODE SIZE        =   4330    ----
   CONSTANT SIZE    =     56    ----
   XDATA SIZE       =     16     133
   PDATA SIZE       =   ----    ----
   DATA SIZE        =   ----    ----
   IDATA SIZE       =   ----    ----
   BIT SIZE         =   ----    ----
END OF MODULE INFORMATION.


C51 COMPILATION COMPLETE.  0 WARNING(S),  0 ERROR(S)
