C51 COMPILER V9.00   MAIN                                                                  04/10/2022 16:49:17 PAGE 1   


C51 COMPILER V9.00, COMPILATION OF MODULE MAIN
OBJECT MODULE PLACED IN .\obj\main.obj
COMPILER INVOKED BY: C:\Keil_v5\C51\BIN\C51.EXE USER\main.c LARGE OPTIMIZE(8,SPEED) BROWSE INCDIR(.\font;.\LCD;.\sys;.\t
                    -ouch;.\GUI;.\USER) DEBUG OBJECTEXTEND PRINT(.\main.lst) TABS(2) OBJECT(.\obj\main.obj)

line level    source

   1          //////////////////////////////////////////////////////////////////////////////////   
   2          //本程序只供学习使用，未经作者许可，不得用于其它任何用途
   3          //测试硬件：单片机STC89C52RC,晶振30M  单片机工作电压3.3V
   4          //QDtech-TFT液晶驱动 for C51
   5          //xiao冯@ShenZhen QDtech co.,LTD
   6          //公司网站:www.qdtft.com
   7          //淘宝网站：http://qdtech.taobao.com
   8          //wiki技术网站：http://www.lcdwiki.com
   9          //我司提供技术支持，任何技术问题欢迎随时交流学习
  10          //固话(传真) :+86 0755-23594567 
  11          //手机:15989313508（冯工） 
  12          //邮箱:lcdwiki01@gmail.com    support@lcdwiki.com    goodtft@163.com
  13          //技术支持QQ:3002773612  3002778157
  14          //技术交流QQ群:324828016
  15          //创建日期:2018/7/7
  16          //版本：V1.0
  17          //版权所有，盗版必究。
  18          //Copyright(C) 深圳市全动电子技术有限公司 2018-2028
  19          //All rights reserved
  20          //********************************************************************************
  21          //=========================================电源接线================================================//
  22          //5V接DC 5V电源
  23          //GND接地
  24          //=======================================液晶屏数据线接线==========================================//
  25          //本模块默认数据总线类型为SPI
  26          //液晶屏模块            单片机
  27          // SDI(MOSI)     接       P15        //SPI写信号
  28          // SDO(MISO)     接       P16        //SPI读信号，如果不需要读功能，此管脚可不接
  29          //=======================================液晶屏控制线接线==========================================//
  30          //液晶屏模块            单片机
  31          //  CS           接       P13       //片选控制信号
  32          //  RESET        接       P33       //复位信号
  33          //  DC           接       P12       //数据/命令选择控制信号
  34          //  SCK          接       P17       //SPI时钟信号
  35          //  LED          接       P32       //背光控制信号，如果使用STC89C52RC单片机或者不需要控制，接3.3V
  36          //=========================================触摸屏接线=========================================//
  37          //STC89C52RC单片机ROM太小，无法运行带触摸功能的程序，所以触摸屏不需要接线
  38          //不使用触摸或者模块本身不带触摸，则可不连接
  39          //触摸屏使用的数据总线类型为SPI
  40          //触摸屏模块            单片机
  41          //  T_CLK        接       P36       //触摸屏SPI时钟信号
  42          //  T_CS         接       P37       //触摸屏片选控制信号
  43          //  T_DIN        接       P34       //触摸屏SPI写信号
  44          //  T_DO         接       P35       //触摸屏SPI读信号
  45          //  T_IRQ        接       P40       //触摸屏响应检查信号，如单片机无P4组，请自行更改其他可用IO并修改代码定
             -义
  46          //**************************************************************************************************/ 
  47          #include "sys.h"
  48          #include "lcd.h"
  49          
  50          //////////////////////////////////////////////////////////////////////////////////   
  51          //本程序只供学习使用，未经作者许可，不得用于其它任何用途
  52          //**************************************************************************************************/ 
  53          
C51 COMPILER V9.00   MAIN                                                                  04/10/2022 16:49:17 PAGE 2   

  54          //STC单片机IO推挽输出设置定义
  55          //其他普通C51单片机无此配置请屏蔽下面这条语句
  56          //sfr P3M1  = 0xB1; //P3M1.n,P3M0.n   =00--->Standard,  01--->push-pull
  57          //sfr P3M0  = 0xB2; //          =10--->pure input,  11--->open drain
  58          
  59          //主函数
  60          void main(void)
  61          { 
  62   1      
  63   1        //设置STC_12LE5A60S2单片机的P3.2为推挽输出，用于控制背光亮灭
  64   1        //其他普通C51单片机无此配置请屏蔽下面这条语句
  65   1        //P3M1 &= ~(1<<2),P3M0 |=  (1<<2); 
  66   1      
  67   1        //液晶屏初始化
  68   1        LCD_Init();
  69   1      
  70   1        //循环进行各项测试  
  71   1        while(1)
  72   1        { 
  73   2          LCD_Clear(RED);delay_ms(1000);  delay_ms(1000); 
  74   2          LCD_Clear(GREEN);delay_ms(1000);  delay_ms(1000); 
  75   2          LCD_Clear(BLUE);delay_ms(1000); delay_ms(1000); 
  76   2        }   
  77   1      }


MODULE INFORMATION:   STATIC OVERLAYABLE
   CODE SIZE        =     68    ----
   CONSTANT SIZE    =   ----    ----
   XDATA SIZE       =   ----    ----
   PDATA SIZE       =   ----    ----
   DATA SIZE        =   ----    ----
   IDATA SIZE       =   ----    ----
   BIT SIZE         =   ----    ----
END OF MODULE INFORMATION.


C51 COMPILATION COMPLETE.  0 WARNING(S),  0 ERROR(S)
