C51 COMPILER V9.01   LCD                                                                   07/21/2012 22:00:26 PAGE 1   


C51 COMPILER V9.01, COMPILATION OF MODULE LCD
OBJECT MODULE PLACED IN LCD.obj
COMPILER INVOKED BY: C:\Keil\C51\BIN\C51.EXE LCD\LCD.c LARGE BROWSE DEBUG OBJECTEXTEND PRINT(.\LCD.lst) OBJECT(LCD.obj)

line level    source

   1          #include <reg51.h>
   2          #include <intrins.h>
   3          #include <font\font.h>
   4          #include <sys\sys.h>
   5          #include <lcd\lcd.h>
   6          /* http://ttmcu.taobao.com 雨亭电子
   7          代码测试环境:JME-2核心板+1T指令周期的STC单片机（51内核STC12LE5A60S2)+33M晶振      单片机工作电压3.3V
   8          程序默认IO连接方式：
   9          控制线：RS-P3^5;    WR-P3^6;   RD-P3^7;   CS-P1^0;   REST-P1^2;
  10          数据线: DB0-DB7依次连接P0^0-P0^7;  DB8-DB15依次连接P2^0-P2^7;（8位模式下DB0-DB7可以不连接）
  11          触摸功能连接方式：(不使用触摸可不连接)
  12          D_CLK-P1^7;  D_CS-P1^4;  D_DIN-P3^0;  D_OUT-P3^1;  D_PENIRQ-P3^4;
  13          */
  14          u16 BACK_COLOR, POINT_COLOR;   //背景色，画笔色
  15          
  16          u16  HDP=479;
  17          u16  HT=531;
  18          u16  HPS=43;
  19          u16  LPS=8;
  20          u8   HPW=10;
  21          
  22          u16  VDP=271;
  23          u16  VT=288;
  24          u16  VPS=12;
  25          u16  FPS=4;
  26          u8   VPW=10;
  27          
  28          
  29          #ifdef  Bus_16    //条件编译-16位数据模式   
  30          void LCD_Writ_Bus(char VH,char VL)   //并行数据写入函数
  31          {
  32   1          LCD_DataPortH=VH;   
  33   1              LCD_DataPortL=VL;               
  34   1              LCD_WR=0;
  35   1              LCD_WR=1; 
  36   1      }
  37          #else                   //条件编译-8位数据模式 
              void LCD_Writ_Bus(char VH,char VL)   //并行数据写入函数
              {       
                  LCD_DataPortH=VH;   
                      LCD_WR=0;
                      LCD_WR=1;
                      LCD_DataPortH=VL;               
                      LCD_WR=0;
                      LCD_WR=1;
              }
              #endif
  48          void LCD_WR_DATA8(char VH,char VL) //发送数据-8位参数
  49          {
  50   1          LCD_RS=1;
  51   1              LCD_Writ_Bus(VH,VL);
  52   1      }  
  53           void LCD_WR_DATA(int da)
  54          {
  55   1          LCD_RS=1;
C51 COMPILER V9.01   LCD                                                                   07/21/2012 22:00:26 PAGE 2   

  56   1              LCD_Writ_Bus(da>>8,da);
  57   1      }         
  58          void LCD_WR_REG(int da)  
  59          {       
  60   1          LCD_RS=0;
  61   1              LCD_Writ_Bus(da>>8,da);
  62   1      }
  63           void LCD_WR_REG_DATA(int reg,int da)
  64          {
  65   1          LCD_WR_REG(reg);
  66   1              LCD_WR_DATA(da);
  67   1      }
  68          void Address_set(unsigned int x1,unsigned int y1,unsigned int x2,unsigned int y2)
  69          { 
  70   1              LCD_WR_REG(0x002A);     
  71   1              LCD_WR_DATA(x1>>8);         
  72   1              LCD_WR_DATA(x1&0x00ff);
  73   1              LCD_WR_DATA(x2>>8);         
  74   1              LCD_WR_DATA(x2&0x00ff);
  75   1          LCD_WR_REG(0x002b); 
  76   1              LCD_WR_DATA(y1>>8);         
  77   1              LCD_WR_DATA(y1&0x00ff);
  78   1              LCD_WR_DATA(y2>>8);         
  79   1              LCD_WR_DATA(y2&0x00ff);
  80   1              LCD_WR_REG(0x002c);                                                                                      
  81   1      }
  82          void Lcd_Init(void)
  83          {
  84   1      
  85   1      //调用一次这些函数，免得编译的时候提示警告
  86   1              LCD_CS =1;
  87   1              if(LCD_CS==0)
  88   1              {
  89   2                 LCD_WR_REG_DATA(0,0);
  90   2                 LCD_ShowString(0,0," ");
  91   2                 LCD_ShowNum(0,0,0,0);
  92   2                 LCD_Show2Num(0,0,0,0);
  93   2                 LCD_DrawPoint_big(0,0);
  94   2                 LCD_DrawRectangle(0,0,0,0);
  95   2                 Draw_Circle(0,0,0);
  96   2          }
  97   1      
  98   1          LCD_REST=1;
  99   1          delayms(5); 
 100   1              LCD_REST=0;
 101   1              delayms(5);
 102   1              LCD_REST=1;
 103   1              LCD_CS=1;
 104   1              LCD_RD=1;
 105   1              LCD_WR=1;
 106   1              delayms(5);
 107   1              LCD_CS =0;  //打开片选使能
 108   1      
 109   1              LCD_WR_REG(0x00E2);     //PLL multiplier, set PLL clock to 120M
 110   1              LCD_WR_DATA(0x002d);        //N=0x36 for 6.5M, 0x23 for 10M crystal
 111   1              LCD_WR_DATA(0x0002);
 112   1              LCD_WR_DATA(0x0004);
 113   1              LCD_WR_REG(0x00E0);  // PLL enable
 114   1              LCD_WR_DATA(0x0001);
 115   1              delayms(1);
 116   1              LCD_WR_REG(0x00E0);
 117   1              LCD_WR_DATA(0x0003);
C51 COMPILER V9.01   LCD                                                                   07/21/2012 22:00:26 PAGE 3   

 118   1              delayms(5);
 119   1              LCD_WR_REG(0x0001);  // software reset
 120   1              delayms(5);
 121   1              LCD_WR_REG(0x00E6);     //PLL setting for PCLK, depends on resolution
 122   1              LCD_WR_DATA(0x0000);
 123   1              LCD_WR_DATA(0x00ff);
 124   1              LCD_WR_DATA(0x00be);
 125   1      
 126   1              LCD_WR_REG(0x00B0);     //LCD SPECIFICATION
 127   1              LCD_WR_DATA(0x0020);
 128   1              LCD_WR_DATA(0x0000);
 129   1              LCD_WR_DATA((HDP>>8)&0X00FF);  //Set HDP
 130   1              LCD_WR_DATA(HDP&0X00FF);
 131   1          LCD_WR_DATA((VDP>>8)&0X00FF);  //Set VDP
 132   1              LCD_WR_DATA(VDP&0X00FF);
 133   1          LCD_WR_DATA(0x0000);
 134   1              delayms(5);
 135   1              LCD_WR_REG(0x00B4);     //HSYNC
 136   1              LCD_WR_DATA((HT>>8)&0X00FF);  //Set HT
 137   1              LCD_WR_DATA(HT&0X00FF);
 138   1              LCD_WR_DATA((HPS>>8)&0X00FF);  //Set HPS
 139   1              LCD_WR_DATA(HPS&0X00FF);
 140   1              LCD_WR_DATA(HPW);                          //Set HPW
 141   1              LCD_WR_DATA((LPS>>8)&0X00FF);  //SetLPS
 142   1              LCD_WR_DATA(LPS&0X00FF);
 143   1              LCD_WR_DATA(0x0000);
 144   1      
 145   1              LCD_WR_REG(0x00B6);     //VSYNC
 146   1              LCD_WR_DATA((VT>>8)&0X00FF);   //Set VT
 147   1              LCD_WR_DATA(VT&0X00FF);
 148   1              LCD_WR_DATA((VPS>>8)&0X00FF);  //Set VPS
 149   1              LCD_WR_DATA(VPS&0X00FF);
 150   1              LCD_WR_DATA(VPW);                          //Set VPW
 151   1              LCD_WR_DATA((FPS>>8)&0X00FF);  //Set FPS
 152   1              LCD_WR_DATA(FPS&0X00FF);
 153   1      
 154   1      
 155   1              LCD_WR_REG(0x0036); //rotation
 156   1              LCD_WR_DATA(0x0000);
 157   1      
 158   1              LCD_WR_REG(0x00F0); //pixel data interface
 159   1              LCD_WR_DATA(0x0003);
 160   1      
 161   1      
 162   1              delayms(5);
 163   1      
 164   1      
 165   1              LCD_WR_REG(0x0029); //display on
 166   1      
 167   1              LCD_WR_REG(0x00BE); //set PWM for B/L
 168   1              LCD_WR_DATA(0x0006);
 169   1              LCD_WR_DATA(0x00f0);
 170   1              LCD_WR_DATA(0x0001);
 171   1              LCD_WR_DATA(0x00f0);
 172   1              LCD_WR_DATA(0x0000);
 173   1              LCD_WR_DATA(0x0000);
 174   1      
 175   1              LCD_WR_REG(0x00d0); 
 176   1              LCD_WR_DATA(0x000d);
 177   1      
 178   1          //----------LCD RESET---GPIO0-------------------//
 179   1              LCD_WR_REG(0x00B8);
C51 COMPILER V9.01   LCD                                                                   07/21/2012 22:00:26 PAGE 4   

 180   1              LCD_WR_DATA(0x0000);    //GPIO3=input, GPIO[2:0]=output
 181   1              LCD_WR_DATA(0x0001);    //GPIO0 normal
 182   1      
 183   1              LCD_WR_REG(0x00BA);
 184   1              LCD_WR_DATA(0x0000);  
 185   1      }
 186          //清屏函数
 187          //Color:要清屏的填充色
 188          void LCD_Clear(u16 Color)
 189          {
 190   1              u8 VH,VL;
 191   1              u16 i,j;
 192   1              VH=Color>>8;
 193   1              VL=Color;       
 194   1              Address_set(0,0,LCD_W-1,LCD_H-1);
 195   1          for(i=0;i<LCD_W;i++)
 196   1               {
 197   2                for (j=0;j<LCD_H;j++)
 198   2                      {
 199   3                       LCD_WR_DATA8(VH,VL);
 200   3                  }
 201   2      
 202   2                }
 203   1      }
 204          //画点
 205          //POINT_COLOR:此点的颜色
 206          void LCD_DrawPoint(u16 x,u16 y)
 207          {
 208   1              Address_set(x,y,x,y);//设置光标位置 
 209   1              LCD_WR_DATA(POINT_COLOR);           
 210   1      }        
 211          //画一个大点
 212          //POINT_COLOR:此点的颜色
 213          void LCD_DrawPoint_big(u16 x,u16 y)
 214          {
 215   1              LCD_Fill(x-1,y-1,x+1,y+1,POINT_COLOR);
 216   1      } 
 217          //在指定区域内填充指定颜色
 218          //区域大小:
 219          //  (xend-xsta)*(yend-ysta)
 220          void LCD_Fill(u16 xsta,u16 ysta,u16 xend,u16 yend,u16 color)
 221          {          
 222   1              u16 i,j; 
 223   1              Address_set(xsta,ysta,xend,yend);      //设置光标位置 
 224   1              for(i=ysta;i<=yend;i++)
 225   1              {                                                                                                                       
 226   2                      for(j=xsta;j<=xend;j++)LCD_WR_DATA(color);//设置光标位置            
 227   2              }                                                   
 228   1      }  
 229          //画线
 230          //x1,y1:起点坐标
 231          //x2,y2:终点坐标  
 232          void LCD_DrawLine(u16 x1, u16 y1, u16 x2, u16 y2)
 233          {
 234   1              u16 t; 
 235   1              int xerr=0,yerr=0,delta_x,delta_y,distance; 
 236   1              int incx,incy,uRow,uCol; 
 237   1      
 238   1              delta_x=x2-x1; //计算坐标增量 
 239   1              delta_y=y2-y1; 
 240   1              uRow=x1; 
 241   1              uCol=y1; 
C51 COMPILER V9.01   LCD                                                                   07/21/2012 22:00:26 PAGE 5   

 242   1              if(delta_x>0)incx=1; //设置单步方向 
 243   1              else if(delta_x==0)incx=0;//垂直线 
 244   1              else {incx=-1;delta_x=-delta_x;} 
 245   1              if(delta_y>0)incy=1; 
 246   1              else if(delta_y==0)incy=0;//水平线 
 247   1              else{incy=-1;delta_y=-delta_y;} 
 248   1              if( delta_x>delta_y)distance=delta_x; //选取基本增量坐标轴 
 249   1              else distance=delta_y; 
 250   1              for(t=0;t<=distance+1;t++ )//画线输出 
 251   1              {  
 252   2                      LCD_DrawPoint(uRow,uCol);//画点 
 253   2                      xerr+=delta_x ; 
 254   2                      yerr+=delta_y ; 
 255   2                      if(xerr>distance) 
 256   2                      { 
 257   3                              xerr-=distance; 
 258   3                              uRow+=incx; 
 259   3                      } 
 260   2                      if(yerr>distance) 
 261   2                      { 
 262   3                              yerr-=distance; 
 263   3                              uCol+=incy; 
 264   3                      } 
 265   2              }  
 266   1      }    
 267          //画矩形
 268          void LCD_DrawRectangle(u16 x1, u16 y1, u16 x2, u16 y2)
 269          {
 270   1              LCD_DrawLine(x1,y1,x2,y1);
 271   1              LCD_DrawLine(x1,y1,x1,y2);
 272   1              LCD_DrawLine(x1,y2,x2,y2);
 273   1              LCD_DrawLine(x2,y1,x2,y2);
 274   1      }
 275          //在指定位置画一个指定大小的圆
 276          //(x,y):中心点
 277          //r    :半径
 278          void Draw_Circle(u16 x0,u16 y0,u8 r)
 279          {
 280   1              int a,b;
 281   1              int di;
 282   1              a=0;b=r;          
 283   1              di=3-(r<<1);             //判断下个点位置的标志
 284   1              while(a<=b)
 285   1              {
 286   2                      LCD_DrawPoint(x0-b,y0-a);             //3           
 287   2                      LCD_DrawPoint(x0+b,y0-a);             //0           
 288   2                      LCD_DrawPoint(x0-a,y0+b);             //1       
 289   2                      LCD_DrawPoint(x0-b,y0-a);             //7           
 290   2                      LCD_DrawPoint(x0-a,y0-b);             //2             
 291   2                      LCD_DrawPoint(x0+b,y0+a);             //4               
 292   2                      LCD_DrawPoint(x0+a,y0-b);             //5
 293   2                      LCD_DrawPoint(x0+a,y0+b);             //6 
 294   2                      LCD_DrawPoint(x0-b,y0+a);             
 295   2                      a++;
 296   2                      //使用Bresenham算法画圆     
 297   2                      if(di<0)di +=4*a+6;       
 298   2                      else
 299   2                      {
 300   3                              di+=10+4*(a-b);   
 301   3                              b--;
 302   3                      } 
 303   2                      LCD_DrawPoint(x0+a,y0+b);
C51 COMPILER V9.01   LCD                                                                   07/21/2012 22:00:26 PAGE 6   

 304   2              }
 305   1      } 
 306          //在指定位置显示一个字符
 307          
 308          //num:要显示的字符:" "--->"~"
 309          //mode:叠加方式(1)还是非叠加方式(0)
 310          //在指定位置显示一个字符
 311          
 312          //num:要显示的字符:" "--->"~"
 313          
 314          //mode:叠加方式(1)还是非叠加方式(0)
 315          void LCD_ShowChar(u16 x,u16 y,u8 num,u8 mode)
 316          {
 317   1          u8 temp;
 318   1          u8 pos,t;
 319   1              u16 x0=x;
 320   1              u16 colortemp=POINT_COLOR;      
 321   1          if(x>LCD_W-16||y>LCD_H-16)return;       
 322   1              //设置窗口                 
 323   1              num=num-' ';//得到偏移后的值
 324   1              Address_set(x,y,x+8-1,y+16-1);      //设置光标位置 
 325   1              if(!mode) //非叠加方式
 326   1              {
 327   2                      for(pos=0;pos<16;pos++)
 328   2                      { 
 329   3                              temp=asc2_1608[(u16)num*16+pos];                 //调用1608字体
 330   3                              for(t=0;t<8;t++)
 331   3                          {                 
 332   4                              if(temp&0x01)POINT_COLOR=colortemp;
 333   4                                      else POINT_COLOR=BACK_COLOR;
 334   4                                      LCD_WR_DATA(POINT_COLOR);       
 335   4                                      temp>>=1; 
 336   4                                      x++;
 337   4                          }
 338   3                              x=x0;
 339   3                              y++;
 340   3                      }       
 341   2              }else//叠加方式
 342   1              {
 343   2                      for(pos=0;pos<16;pos++)
 344   2                      {
 345   3                          temp=asc2_1608[(u16)num*16+pos];             //调用1608字体
 346   3                              for(t=0;t<8;t++)
 347   3                          {                 
 348   4                              if(temp&0x01)LCD_DrawPoint(x+t,y+pos);//画一个点     
 349   4                              temp>>=1; 
 350   4                          }
 351   3                      }
 352   2              }
 353   1              POINT_COLOR=colortemp;                            
 354   1      }   
 355          //m^n函数
 356          u32 mypow(u8 m,u8 n)
 357          {
 358   1              u32 result=1;    
 359   1              while(n--)result*=m;    
 360   1              return result;
 361   1      }                        
 362          //显示2个数字
 363          //x,y :起点坐标  
 364          //len :数字的位数
 365          //color:颜色
C51 COMPILER V9.01   LCD                                                                   07/21/2012 22:00:26 PAGE 7   

 366          //num:数值(0~4294967295);       
 367          void LCD_ShowNum(u16 x,u16 y,u32 num,u8 len)
 368          {               
 369   1              u8 t,temp;
 370   1              u8 enshow=0;
 371   1              num=(u16)num;
 372   1              for(t=0;t<len;t++)
 373   1              {
 374   2                      temp=(num/mypow(10,len-t-1))%10;
 375   2                      if(enshow==0&&t<(len-1))
 376   2                      {
 377   3                              if(temp==0)
 378   3                              {
 379   4                                      LCD_ShowChar(x+8*t,y,' ',0);
 380   4                                      continue;
 381   4                              }else enshow=1; 
 382   3                               
 383   3                      }
 384   2                      LCD_ShowChar(x+8*t,y,temp+48,0); 
 385   2              }
 386   1      } 
 387          //显示2个数字
 388          //x,y:起点坐标
 389          //num:数值(0~99);        
 390          void LCD_Show2Num(u16 x,u16 y,u16 num,u8 len)
 391          {               
 392   1              u8 t,temp;                                                 
 393   1              for(t=0;t<len;t++)
 394   1              {
 395   2                      temp=(num/mypow(10,len-t-1))%10;
 396   2                      LCD_ShowChar(x+8*t,y,temp+'0',0); 
 397   2              }
 398   1      } 
 399          //显示字符串
 400          //x,y:起点坐标  
 401          //*p:字符串起始地址
 402          //用16字体
 403          void LCD_ShowString(u16 x,u16 y,const u8 *p)
 404          {         
 405   1          while(*p!='\0')
 406   1          {       
 407   2              if(x>LCD_W-16){x=0;y+=16;}
 408   2              if(y>LCD_H-16){y=x=0;LCD_Clear(RED);}
 409   2              LCD_ShowChar(x,y,*p,0);
 410   2              x+=8;
 411   2              p++;
 412   2          }  
 413   1      }
 414          
 415          
 416          
 417          
 418          
 419          
 420          
 421          
 422          
 423          
 424          
 425          


C51 COMPILER V9.01   LCD                                                                   07/21/2012 22:00:26 PAGE 8   

MODULE INFORMATION:   STATIC OVERLAYABLE
   CODE SIZE        =   3091    ----
   CONSTANT SIZE    =      2    ----
   XDATA SIZE       =     22     115
   PDATA SIZE       =   ----    ----
   DATA SIZE        =   ----    ----
   IDATA SIZE       =   ----    ----
   BIT SIZE         =   ----    ----
END OF MODULE INFORMATION.


C51 COMPILATION COMPLETE.  0 WARNING(S),  0 ERROR(S)
